# JRE version: Java(TM) SE Runtime Environment (8.0_144-b01) (build 1.8.0_144-b01)
# Java VM: Java HotSpot(TM) 64-Bit Server VM (25.144-b01 mixed mode linux-amd64 compressed oops)
Heap:
 def new generation   total 178496K, used 0K [0x00000000ae600000, 0x00000000ba7a0000, 0x00000000c9950000)
  eden space 158720K,   0% used [0x00000000ae600000, 0x00000000ae600000, 0x00000000b8100000)
  from space 19776K,   0% used [0x00000000b9450000, 0x00000000b9450000, 0x00000000ba7a0000)
  to   space 19776K,   0% used [0x00000000b8100000, 0x00000000b8100000, 0x00000000b9450000)
 tenured generation   total 396428K, used 296836K [0x00000000c9950000, 0x00000000e1c73000, 0x0000000100000000)
   the space 396428K,  74% used [0x00000000c9950000, 0x00000000dbb31018, 0x00000000dbb31200, 0x00000000e1c73000)
 Metaspace       used 7313K, capacity 7580K, committed 7680K, reserved 1056768K
  class space    used 894K, capacity 956K, committed 1024K, reserved 1048576K
GC Heap History (10 events):
Event: 188.192 GC heap after
Heap after GC invocations=25 (full 7):
 def new generation   total 178496K, used 0K [0x00000000ae600000, 0x00000000ba7a0000, 0x00000000c9950000)
  eden space 158720K,   0% used [0x00000000ae600000, 0x00000000ae600000, 0x00000000b8100000)
  from space 19776K,   0% used [0x00000000b8100000, 0x00000000b8100000, 0x00000000b9450000)
  to   space 19776K,   0% used [0x00000000b9450000, 0x00000000b9450000, 0x00000000ba7a0000)
 tenured generation   total 396428K, used 223108K [0x00000000c9950000, 0x00000000e1c73000, 0x0000000100000000)
   the space 396428K,  56% used [0x00000000c9950000, 0x00000000d7331018, 0x00000000d7331200, 0x00000000e1c73000)
 Metaspace       used 7313K, capacity 7580K, committed 7680K, reserved 1056768K
  class space    used 894K, capacity 956K, committed 1024K, reserved 1048576K
}
Event: 191.410 GC heap before
{Heap before GC invocations=25 (full 7):
 def new generation   total 178496K, used 158720K [0x00000000ae600000, 0x00000000ba7a0000, 0x00000000c9950000)
  eden space 158720K, 100% used [0x00000000ae600000, 0x00000000b8100000, 0x00000000b8100000)
  from space 19776K,   0% used [0x00000000b8100000, 0x00000000b8100000, 0x00000000b9450000)
  to   space 19776K,   0% used [0x00000000b9450000, 0x00000000b9450000, 0x00000000ba7a0000)
 tenured generation   total 396428K, used 223108K [0x00000000c9950000, 0x00000000e1c73000, 0x0000000100000000)
   the space 396428K,  56% used [0x00000000c9950000, 0x00000000d7331018, 0x00000000d7331200, 0x00000000e1c73000)
 Metaspace       used 7313K, capacity 7580K, committed 7680K, reserved 1056768K
  class space    used 894K, capacity 956K, committed 1024K, reserved 1048576K
Event: 191.994 GC heap after
Heap after GC invocations=26 (full 7):
 def new generation   total 178496K, used 0K [0x00000000ae600000, 0x00000000ba7a0000, 0x00000000c9950000)
  eden space 158720K,   0% used [0x00000000ae600000, 0x00000000ae600000, 0x00000000b8100000)
  from space 19776K,   0% used [0x00000000b9450000, 0x00000000b9450248, 0x00000000ba7a0000)
  to   space 19776K,   0% used [0x00000000b8100000, 0x00000000b8100000, 0x00000000b9450000)
 tenured generation   total 396428K, used 370564K [0x00000000c9950000, 0x00000000e1c73000, 0x0000000100000000)
   the space 396428K,  93% used [0x00000000c9950000, 0x00000000e0331028, 0x00000000e0331200, 0x00000000e1c73000)
 Metaspace       used 7313K, capacity 7580K, committed 7680K, reserved 1056768K
  class space    used 894K, capacity 956K, committed 1024K, reserved 1048576K
}
Event: 235.681 GC heap before
{Heap before GC invocations=26 (full 7):
 def new generation   total 178496K, used 158720K [0x00000000ae600000, 0x00000000ba7a0000, 0x00000000c9950000)
  eden space 158720K, 100% used [0x00000000ae600000, 0x00000000b8100000, 0x00000000b8100000)
  from space 19776K,   0% used [0x00000000b9450000, 0x00000000b9450248, 0x00000000ba7a0000)
  to   space 19776K,   0% used [0x00000000b8100000, 0x00000000b8100000, 0x00000000b9450000)
 tenured generation   total 396428K, used 370564K [0x00000000c9950000, 0x00000000e1c73000, 0x0000000100000000)
   the space 396428K,  93% used [0x00000000c9950000, 0x00000000e0331028, 0x00000000e0331200, 0x00000000e1c73000)
 Metaspace       used 7313K, capacity 7580K, committed 7680K, reserved 1056768K
  class space    used 894K, capacity 956K, committed 1024K, reserved 1048576K
Event: 235.682 GC heap after
Heap after GC invocations=27 (full 7):
 def new generation   total 178496K, used 0K [0x00000000ae600000, 0x00000000ba7a0000, 0x00000000c9950000)
  eden space 158720K,   0% used [0x00000000ae600000, 0x00000000ae600000, 0x00000000b8100000)
  from space 19776K,   0% used [0x00000000b8100000, 0x00000000b8100168, 0x00000000b9450000)
  to   space 19776K,   0% used [0x00000000b9450000, 0x00000000b9450000, 0x00000000ba7a0000)
 tenured generation   total 396428K, used 370564K [0x00000000c9950000, 0x00000000e1c73000, 0x0000000100000000)
   the space 396428K,  93% used [0x00000000c9950000, 0x00000000e0331028, 0x00000000e0331200, 0x00000000e1c73000)
 Metaspace       used 7313K, capacity 7580K, committed 7680K, reserved 1056768K
  class space    used 894K, capacity 956K, committed 1024K, reserved 1048576K
}
Event: 280.259 GC heap before
{Heap before GC invocations=27 (full 7):
 def new generation   total 178496K, used 158720K [0x00000000ae600000, 0x00000000ba7a0000, 0x00000000c9950000)
  eden space 158720K, 100% used [0x00000000ae600000, 0x00000000b8100000, 0x00000000b8100000)
  from space 19776K,   0% used [0x00000000b8100000, 0x00000000b8100168, 0x00000000b9450000)
  to   space 19776K,   0% used [0x00000000b9450000, 0x00000000b9450000, 0x00000000ba7a0000)
 tenured generation   total 396428K, used 370564K [0x00000000c9950000, 0x00000000e1c73000, 0x0000000100000000)
   the space 396428K,  93% used [0x00000000c9950000, 0x00000000e0331028, 0x00000000e0331200, 0x00000000e1c73000)
 Metaspace       used 7313K, capacity 7580K, committed 7680K, reserved 1056768K
  class space    used 894K, capacity 956K, committed 1024K, reserved 1048576K
Event: 280.483 GC heap after
Heap after GC invocations=28 (full 7):
 def new generation   total 178496K, used 0K [0x00000000ae600000, 0x00000000ba7a0000, 0x00000000c9950000)
  eden space 158720K,   0% used [0x00000000ae600000, 0x00000000ae600000, 0x00000000b8100000)
  from space 19776K,   0% used [0x00000000b9450000, 0x00000000b9450168, 0x00000000ba7a0000)
  to   space 19776K,   0% used [0x00000000b8100000, 0x00000000b8100000, 0x00000000b9450000)
 tenured generation   total 396428K, used 370564K [0x00000000c9950000, 0x00000000e1c73000, 0x0000000100000000)
   the space 396428K,  93% used [0x00000000c9950000, 0x00000000e0331028, 0x00000000e0331200, 0x00000000e1c73000)
 Metaspace       used 7313K, capacity 7580K, committed 7680K, reserved 1056768K
  class space    used 894K, capacity 956K, committed 1024K, reserved 1048576K
}
Event: 324.327 GC heap before
{Heap before GC invocations=28 (full 7):
 def new generation   total 178496K, used 158720K [0x00000000ae600000, 0x00000000ba7a0000, 0x00000000c9950000)
  eden space 158720K, 100% used [0x00000000ae600000, 0x00000000b8100000, 0x00000000b8100000)
  from space 19776K,   0% used [0x00000000b9450000, 0x00000000b9450168, 0x00000000ba7a0000)
  to   space 19776K,   0% used [0x00000000b8100000, 0x00000000b8100000, 0x00000000b9450000)
 tenured generation   total 396428K, used 370564K [0x00000000c9950000, 0x00000000e1c73000, 0x0000000100000000)
   the space 396428K,  93% used [0x00000000c9950000, 0x00000000e0331028, 0x00000000e0331200, 0x00000000e1c73000)
 Metaspace       used 7313K, capacity 7580K, committed 7680K, reserved 1056768K
  class space    used 894K, capacity 956K, committed 1024K, reserved 1048576K
Event: 324.349 GC heap after
Heap after GC invocations=29 (full 7):
 def new generation   total 178496K, used 0K [0x00000000ae600000, 0x00000000ba7a0000, 0x00000000c9950000)
  eden space 158720K,   0% used [0x00000000ae600000, 0x00000000ae600000, 0x00000000b8100000)
  from space 19776K,   0% used [0x00000000b8100000, 0x00000000b8100150, 0x00000000b9450000)
  to   space 19776K,   0% used [0x00000000b9450000, 0x00000000b9450000, 0x00000000ba7a0000)
 tenured generation   total 396428K, used 370564K [0x00000000c9950000, 0x00000000e1c73000, 0x0000000100000000)
   the space 396428K,  93% used [0x00000000c9950000, 0x00000000e0331028, 0x00000000e0331200, 0x00000000e1c73000)
 Metaspace       used 7313K, capacity 7580K, committed 7680K, reserved 1056768K
  class space    used 894K, capacity 956K, committed 1024K, reserved 1048576K
}
Event: 362.709 GC heap before
{Heap before GC invocations=29 (full 7):
 def new generation   total 178496K, used 101600K [0x00000000ae600000, 0x00000000ba7a0000, 0x00000000c9950000)
  eden space 158720K,  64% used [0x00000000ae600000, 0x00000000b49380a8, 0x00000000b8100000)
  from space 19776K,   0% used [0x00000000b8100000, 0x00000000b8100150, 0x00000000b9450000)
  to   space 19776K,   0% used [0x00000000b9450000, 0x00000000b9450000, 0x00000000ba7a0000)
 tenured generation   total 396428K, used 370564K [0x00000000c9950000, 0x00000000e1c73000, 0x0000000100000000)
   the space 396428K,  93% used [0x00000000c9950000, 0x00000000e0331028, 0x00000000e0331200, 0x00000000e1c73000)
 Metaspace       used 7313K, capacity 7580K, committed 7680K, reserved 1056768K
  class space    used 894K, capacity 956K, committed 1024K, reserved 1048576K

