# JRE version: Java(TM) SE Runtime Environment (8.0_144-b01) (build 1.8.0_144-b01)
# Java VM: Java HotSpot(TM) 64-Bit Server VM (25.144-b01 mixed mode linux-amd64 compressed oops)
Heap:
 def new generation   total 178496K, used 0K [0x00000000ae600000, 0x00000000ba7a0000, 0x00000000c9950000)
  eden space 158720K,   0% used [0x00000000ae600000, 0x00000000ae600000, 0x00000000b8100000)
  from space 19776K,   0% used [0x00000000b9450000, 0x00000000b9450000, 0x00000000ba7a0000)
  to   space 19776K,   0% used [0x00000000b8100000, 0x00000000b8100000, 0x00000000b9450000)
 tenured generation   total 396424K, used 296834K [0x00000000c9950000, 0x00000000e1c72000, 0x0000000100000000)
   the space 396424K,  74% used [0x00000000c9950000, 0x00000000dbb30a60, 0x00000000dbb30c00, 0x00000000e1c72000)
 Metaspace       used 7301K, capacity 7516K, committed 7680K, reserved 1056768K
  class space    used 893K, capacity 956K, committed 1024K, reserved 1048576K
GC Heap History (10 events):
Event: 421.414 GC heap after
Heap after GC invocations=25 (full 7):
 def new generation   total 178496K, used 0K [0x00000000ae600000, 0x00000000ba7a0000, 0x00000000c9950000)
  eden space 158720K,   0% used [0x00000000ae600000, 0x00000000ae600000, 0x00000000b8100000)
  from space 19776K,   0% used [0x00000000b8100000, 0x00000000b8100000, 0x00000000b9450000)
  to   space 19776K,   0% used [0x00000000b9450000, 0x00000000b9450000, 0x00000000ba7a0000)
 tenured generation   total 396424K, used 223105K [0x00000000c9950000, 0x00000000e1c72000, 0x0000000100000000)
   the space 396424K,  56% used [0x00000000c9950000, 0x00000000d7330668, 0x00000000d7330800, 0x00000000e1c72000)
 Metaspace       used 7301K, capacity 7516K, committed 7680K, reserved 1056768K
  class space    used 893K, capacity 956K, committed 1024K, reserved 1048576K
}
Event: 428.067 GC heap before
{Heap before GC invocations=25 (full 7):
 def new generation   total 178496K, used 158720K [0x00000000ae600000, 0x00000000ba7a0000, 0x00000000c9950000)
  eden space 158720K, 100% used [0x00000000ae600000, 0x00000000b8100000, 0x00000000b8100000)
  from space 19776K,   0% used [0x00000000b8100000, 0x00000000b8100000, 0x00000000b9450000)
  to   space 19776K,   0% used [0x00000000b9450000, 0x00000000b9450000, 0x00000000ba7a0000)
 tenured generation   total 396424K, used 223105K [0x00000000c9950000, 0x00000000e1c72000, 0x0000000100000000)
   the space 396424K,  56% used [0x00000000c9950000, 0x00000000d7330668, 0x00000000d7330800, 0x00000000e1c72000)
 Metaspace       used 7301K, capacity 7516K, committed 7680K, reserved 1056768K
  class space    used 893K, capacity 956K, committed 1024K, reserved 1048576K
Event: 429.044 GC heap after
Heap after GC invocations=26 (full 7):
 def new generation   total 178496K, used 0K [0x00000000ae600000, 0x00000000ba7a0000, 0x00000000c9950000)
  eden space 158720K,   0% used [0x00000000ae600000, 0x00000000ae600000, 0x00000000b8100000)
  from space 19776K,   0% used [0x00000000b9450000, 0x00000000b9450248, 0x00000000ba7a0000)
  to   space 19776K,   0% used [0x00000000b8100000, 0x00000000b8100000, 0x00000000b9450000)
 tenured generation   total 396424K, used 370561K [0x00000000c9950000, 0x00000000e1c72000, 0x0000000100000000)
   the space 396424K,  93% used [0x00000000c9950000, 0x00000000e0330678, 0x00000000e0330800, 0x00000000e1c72000)
 Metaspace       used 7301K, capacity 7516K, committed 7680K, reserved 1056768K
  class space    used 893K, capacity 956K, committed 1024K, reserved 1048576K
}
Event: 524.711 GC heap before
{Heap before GC invocations=26 (full 7):
 def new generation   total 178496K, used 158720K [0x00000000ae600000, 0x00000000ba7a0000, 0x00000000c9950000)
  eden space 158720K, 100% used [0x00000000ae600000, 0x00000000b8100000, 0x00000000b8100000)
  from space 19776K,   0% used [0x00000000b9450000, 0x00000000b9450248, 0x00000000ba7a0000)
  to   space 19776K,   0% used [0x00000000b8100000, 0x00000000b8100000, 0x00000000b9450000)
 tenured generation   total 396424K, used 370561K [0x00000000c9950000, 0x00000000e1c72000, 0x0000000100000000)
   the space 396424K,  93% used [0x00000000c9950000, 0x00000000e0330678, 0x00000000e0330800, 0x00000000e1c72000)
 Metaspace       used 7301K, capacity 7516K, committed 7680K, reserved 1056768K
  class space    used 893K, capacity 956K, committed 1024K, reserved 1048576K
Event: 524.712 GC heap after
Heap after GC invocations=27 (full 7):
 def new generation   total 178496K, used 0K [0x00000000ae600000, 0x00000000ba7a0000, 0x00000000c9950000)
  eden space 158720K,   0% used [0x00000000ae600000, 0x00000000ae600000, 0x00000000b8100000)
  from space 19776K,   0% used [0x00000000b8100000, 0x00000000b8100150, 0x00000000b9450000)
  to   space 19776K,   0% used [0x00000000b9450000, 0x00000000b9450000, 0x00000000ba7a0000)
 tenured generation   total 396424K, used 370561K [0x00000000c9950000, 0x00000000e1c72000, 0x0000000100000000)
   the space 396424K,  93% used [0x00000000c9950000, 0x00000000e0330678, 0x00000000e0330800, 0x00000000e1c72000)
 Metaspace       used 7301K, capacity 7516K, committed 7680K, reserved 1056768K
  class space    used 893K, capacity 956K, committed 1024K, reserved 1048576K
}
Event: 625.574 GC heap before
{Heap before GC invocations=27 (full 7):
 def new generation   total 178496K, used 158720K [0x00000000ae600000, 0x00000000ba7a0000, 0x00000000c9950000)
  eden space 158720K, 100% used [0x00000000ae600000, 0x00000000b8100000, 0x00000000b8100000)
  from space 19776K,   0% used [0x00000000b8100000, 0x00000000b8100150, 0x00000000b9450000)
  to   space 19776K,   0% used [0x00000000b9450000, 0x00000000b9450000, 0x00000000ba7a0000)
 tenured generation   total 396424K, used 370561K [0x00000000c9950000, 0x00000000e1c72000, 0x0000000100000000)
   the space 396424K,  93% used [0x00000000c9950000, 0x00000000e0330678, 0x00000000e0330800, 0x00000000e1c72000)
 Metaspace       used 7301K, capacity 7516K, committed 7680K, reserved 1056768K
  class space    used 893K, capacity 956K, committed 1024K, reserved 1048576K
Event: 625.575 GC heap after
Heap after GC invocations=28 (full 7):
 def new generation   total 178496K, used 1K [0x00000000ae600000, 0x00000000ba7a0000, 0x00000000c9950000)
  eden space 158720K,   0% used [0x00000000ae600000, 0x00000000ae600000, 0x00000000b8100000)
  from space 19776K,   0% used [0x00000000b9450000, 0x00000000b9450548, 0x00000000ba7a0000)
  to   space 19776K,   0% used [0x00000000b8100000, 0x00000000b8100000, 0x00000000b9450000)
 tenured generation   total 396424K, used 370561K [0x00000000c9950000, 0x00000000e1c72000, 0x0000000100000000)
   the space 396424K,  93% used [0x00000000c9950000, 0x00000000e0330678, 0x00000000e0330800, 0x00000000e1c72000)
 Metaspace       used 7301K, capacity 7516K, committed 7680K, reserved 1056768K
  class space    used 893K, capacity 956K, committed 1024K, reserved 1048576K
}
Event: 724.427 GC heap before
{Heap before GC invocations=28 (full 7):
 def new generation   total 178496K, used 158721K [0x00000000ae600000, 0x00000000ba7a0000, 0x00000000c9950000)
  eden space 158720K, 100% used [0x00000000ae600000, 0x00000000b8100000, 0x00000000b8100000)
  from space 19776K,   0% used [0x00000000b9450000, 0x00000000b9450548, 0x00000000ba7a0000)
  to   space 19776K,   0% used [0x00000000b8100000, 0x00000000b8100000, 0x00000000b9450000)
 tenured generation   total 396424K, used 370561K [0x00000000c9950000, 0x00000000e1c72000, 0x0000000100000000)
   the space 396424K,  93% used [0x00000000c9950000, 0x00000000e0330678, 0x00000000e0330800, 0x00000000e1c72000)
 Metaspace       used 7301K, capacity 7516K, committed 7680K, reserved 1056768K
  class space    used 893K, capacity 956K, committed 1024K, reserved 1048576K
Event: 724.435 GC heap after
Heap after GC invocations=29 (full 7):
 def new generation   total 178496K, used 1K [0x00000000ae600000, 0x00000000ba7a0000, 0x00000000c9950000)
  eden space 158720K,   0% used [0x00000000ae600000, 0x00000000ae600000, 0x00000000b8100000)
  from space 19776K,   0% used [0x00000000b8100000, 0x00000000b81005b8, 0x00000000b9450000)
  to   space 19776K,   0% used [0x00000000b9450000, 0x00000000b9450000, 0x00000000ba7a0000)
 tenured generation   total 396424K, used 370561K [0x00000000c9950000, 0x00000000e1c72000, 0x0000000100000000)
   the space 396424K,  93% used [0x00000000c9950000, 0x00000000e0330678, 0x00000000e0330800, 0x00000000e1c72000)
 Metaspace       used 7301K, capacity 7516K, committed 7680K, reserved 1056768K
  class space    used 893K, capacity 956K, committed 1024K, reserved 1048576K
}
Event: 793.463 GC heap before
{Heap before GC invocations=29 (full 7):
 def new generation   total 178496K, used 101426K [0x00000000ae600000, 0x00000000ba7a0000, 0x00000000c9950000)
  eden space 158720K,  63% used [0x00000000ae600000, 0x00000000b490c5c8, 0x00000000b8100000)
  from space 19776K,   0% used [0x00000000b8100000, 0x00000000b81005b8, 0x00000000b9450000)
  to   space 19776K,   0% used [0x00000000b9450000, 0x00000000b9450000, 0x00000000ba7a0000)
 tenured generation   total 396424K, used 370561K [0x00000000c9950000, 0x00000000e1c72000, 0x0000000100000000)
   the space 396424K,  93% used [0x00000000c9950000, 0x00000000e0330678, 0x00000000e0330800, 0x00000000e1c72000)
 Metaspace       used 7301K, capacity 7516K, committed 7680K, reserved 1056768K
  class space    used 893K, capacity 956K, committed 1024K, reserved 1048576K

