# JRE version: Java(TM) SE Runtime Environment (8.0_144-b01) (build 1.8.0_144-b01)
# Java VM: Java HotSpot(TM) 64-Bit Server VM (25.144-b01 mixed mode linux-amd64 compressed oops)
Heap:
 def new generation   total 274112K, used 0K [0x00000000ae600000, 0x00000000c0f60000, 0x00000000c9950000)
  eden space 243712K,   0% used [0x00000000ae600000, 0x00000000ae600000, 0x00000000bd400000)
  from space 30400K,   0% used [0x00000000bd400000, 0x00000000bd400000, 0x00000000bf1b0000)
  to   space 30400K,   0% used [0x00000000bf1b0000, 0x00000000bf1b0000, 0x00000000c0f60000)
 tenured generation   total 608976K, used 296586K [0x00000000c9950000, 0x00000000eec04000, 0x0000000100000000)
   the space 608976K,  48% used [0x00000000c9950000, 0x00000000dbaf29a8, 0x00000000dbaf2a00, 0x00000000eec04000)
 Metaspace       used 7175K, capacity 7374K, committed 7680K, reserved 1056768K
  class space    used 877K, capacity 955K, committed 1024K, reserved 1048576K
GC Heap History (10 events):
Event: 698.164 GC heap before
{Heap before GC invocations=20 (full 4):
 def new generation   total 141376K, used 125696K [0x00000000ae600000, 0x00000000b7f60000, 0x00000000c9950000)
  eden space 125696K, 100% used [0x00000000ae600000, 0x00000000b60c0000, 0x00000000b60c0000)
  from space 15680K,   0% used [0x00000000b60c0000, 0x00000000b60c0000, 0x00000000b7010000)
  to   space 15680K,   0% used [0x00000000b7010000, 0x00000000b7010000, 0x00000000b7f60000)
 tenured generation   total 608976K, used 444042K [0x00000000c9950000, 0x00000000eec04000, 0x0000000100000000)
   the space 608976K,  72% used [0x00000000c9950000, 0x00000000e4af29b8, 0x00000000e4af2a00, 0x00000000eec04000)
 Metaspace       used 7175K, capacity 7374K, committed 7680K, reserved 1056768K
  class space    used 877K, capacity 955K, committed 1024K, reserved 1048576K
Event: 698.190 GC heap after
Heap after GC invocations=21 (full 4):
 def new generation   total 141376K, used 0K [0x00000000ae600000, 0x00000000b7f60000, 0x00000000c9950000)
  eden space 125696K,   0% used [0x00000000ae600000, 0x00000000ae600000, 0x00000000b60c0000)
  from space 15680K,   0% used [0x00000000b7010000, 0x00000000b7010088, 0x00000000b7f60000)
  to   space 15680K,   0% used [0x00000000b60c0000, 0x00000000b60c0000, 0x00000000b7010000)
 tenured generation   total 608976K, used 444042K [0x00000000c9950000, 0x00000000eec04000, 0x0000000100000000)
   the space 608976K,  72% used [0x00000000c9950000, 0x00000000e4af29b8, 0x00000000e4af2a00, 0x00000000eec04000)
 Metaspace       used 7175K, capacity 7374K, committed 7680K, reserved 1056768K
  class space    used 877K, capacity 955K, committed 1024K, reserved 1048576K
}
Event: 835.480 GC heap before
{Heap before GC invocations=21 (full 4):
 def new generation   total 141376K, used 125696K [0x00000000ae600000, 0x00000000b7f60000, 0x00000000c9950000)
  eden space 125696K, 100% used [0x00000000ae600000, 0x00000000b60c0000, 0x00000000b60c0000)
  from space 15680K,   0% used [0x00000000b7010000, 0x00000000b7010088, 0x00000000b7f60000)
  to   space 15680K,   0% used [0x00000000b60c0000, 0x00000000b60c0000, 0x00000000b7010000)
 tenured generation   total 608976K, used 444042K [0x00000000c9950000, 0x00000000eec04000, 0x0000000100000000)
   the space 608976K,  72% used [0x00000000c9950000, 0x00000000e4af29b8, 0x00000000e4af2a00, 0x00000000eec04000)
 Metaspace       used 7175K, capacity 7374K, committed 7680K, reserved 1056768K
  class space    used 877K, capacity 955K, committed 1024K, reserved 1048576K
Event: 835.480 GC heap after
Heap after GC invocations=22 (full 4):
 def new generation   total 141376K, used 0K [0x00000000ae600000, 0x00000000b7f60000, 0x00000000c9950000)
  eden space 125696K,   0% used [0x00000000ae600000, 0x00000000ae600000, 0x00000000b60c0000)
  from space 15680K,   0% used [0x00000000b60c0000, 0x00000000b60c0088, 0x00000000b7010000)
  to   space 15680K,   0% used [0x00000000b7010000, 0x00000000b7010000, 0x00000000b7f60000)
 tenured generation   total 608976K, used 444042K [0x00000000c9950000, 0x00000000eec04000, 0x0000000100000000)
   the space 608976K,  72% used [0x00000000c9950000, 0x00000000e4af29b8, 0x00000000e4af2a00, 0x00000000eec04000)
 Metaspace       used 7175K, capacity 7374K, committed 7680K, reserved 1056768K
  class space    used 877K, capacity 955K, committed 1024K, reserved 1048576K
}
Event: 968.318 GC heap before
{Heap before GC invocations=22 (full 4):
 def new generation   total 141376K, used 125696K [0x00000000ae600000, 0x00000000b7f60000, 0x00000000c9950000)
  eden space 125696K, 100% used [0x00000000ae600000, 0x00000000b60c0000, 0x00000000b60c0000)
  from space 15680K,   0% used [0x00000000b60c0000, 0x00000000b60c0088, 0x00000000b7010000)
  to   space 15680K,   0% used [0x00000000b7010000, 0x00000000b7010000, 0x00000000b7f60000)
 tenured generation   total 608976K, used 444042K [0x00000000c9950000, 0x00000000eec04000, 0x0000000100000000)
   the space 608976K,  72% used [0x00000000c9950000, 0x00000000e4af29b8, 0x00000000e4af2a00, 0x00000000eec04000)
 Metaspace       used 7175K, capacity 7374K, committed 7680K, reserved 1056768K
  class space    used 877K, capacity 955K, committed 1024K, reserved 1048576K
Event: 968.321 GC heap after
Heap after GC invocations=23 (full 4):
 def new generation   total 141376K, used 0K [0x00000000ae600000, 0x00000000b7f60000, 0x00000000c9950000)
  eden space 125696K,   0% used [0x00000000ae600000, 0x00000000ae600000, 0x00000000b60c0000)
  from space 15680K,   0% used [0x00000000b7010000, 0x00000000b7010018, 0x00000000b7f60000)
  to   space 15680K,   0% used [0x00000000b60c0000, 0x00000000b60c0000, 0x00000000b7010000)
 tenured generation   total 608976K, used 444042K [0x00000000c9950000, 0x00000000eec04000, 0x0000000100000000)
   the space 608976K,  72% used [0x00000000c9950000, 0x00000000e4af29b8, 0x00000000e4af2a00, 0x00000000eec04000)
 Metaspace       used 7175K, capacity 7374K, committed 7680K, reserved 1056768K
  class space    used 877K, capacity 955K, committed 1024K, reserved 1048576K
}
Event: 1100.447 GC heap before
{Heap before GC invocations=23 (full 4):
 def new generation   total 141376K, used 125696K [0x00000000ae600000, 0x00000000b7f60000, 0x00000000c9950000)
  eden space 125696K, 100% used [0x00000000ae600000, 0x00000000b60c0000, 0x00000000b60c0000)
  from space 15680K,   0% used [0x00000000b7010000, 0x00000000b7010018, 0x00000000b7f60000)
  to   space 15680K,   0% used [0x00000000b60c0000, 0x00000000b60c0000, 0x00000000b7010000)
 tenured generation   total 608976K, used 444042K [0x00000000c9950000, 0x00000000eec04000, 0x0000000100000000)
   the space 608976K,  72% used [0x00000000c9950000, 0x00000000e4af29b8, 0x00000000e4af2a00, 0x00000000eec04000)
 Metaspace       used 7175K, capacity 7374K, committed 7680K, reserved 1056768K
  class space    used 877K, capacity 955K, committed 1024K, reserved 1048576K
Event: 1100.448 GC heap after
Heap after GC invocations=24 (full 4):
 def new generation   total 141376K, used 0K [0x00000000ae600000, 0x00000000b7f60000, 0x00000000c9950000)
  eden space 125696K,   0% used [0x00000000ae600000, 0x00000000ae600000, 0x00000000b60c0000)
  from space 15680K,   0% used [0x00000000b60c0000, 0x00000000b60c0088, 0x00000000b7010000)
  to   space 15680K,   0% used [0x00000000b7010000, 0x00000000b7010000, 0x00000000b7f60000)
 tenured generation   total 608976K, used 444042K [0x00000000c9950000, 0x00000000eec04000, 0x0000000100000000)
   the space 608976K,  72% used [0x00000000c9950000, 0x00000000e4af29b8, 0x00000000e4af2a00, 0x00000000eec04000)
 Metaspace       used 7175K, capacity 7374K, committed 7680K, reserved 1056768K
  class space    used 877K, capacity 955K, committed 1024K, reserved 1048576K
}
Event: 1150.711 GC heap before
{Heap before GC invocations=24 (full 4):
 def new generation   total 141376K, used 40203K [0x00000000ae600000, 0x00000000b7f60000, 0x00000000c9950000)
  eden space 125696K,  31% used [0x00000000ae600000, 0x00000000b0d42db8, 0x00000000b60c0000)
  from space 15680K,   0% used [0x00000000b60c0000, 0x00000000b60c0088, 0x00000000b7010000)
  to   space 15680K,   0% used [0x00000000b7010000, 0x00000000b7010000, 0x00000000b7f60000)
 tenured generation   total 608976K, used 444042K [0x00000000c9950000, 0x00000000eec04000, 0x0000000100000000)
   the space 608976K,  72% used [0x00000000c9950000, 0x00000000e4af29b8, 0x00000000e4af2a00, 0x00000000eec04000)
 Metaspace       used 7175K, capacity 7374K, committed 7680K, reserved 1056768K
  class space    used 877K, capacity 955K, committed 1024K, reserved 1048576K
Event: 1151.115 GC heap after
Heap after GC invocations=25 (full 5):
 def new generation   total 274112K, used 0K [0x00000000ae600000, 0x00000000c0f60000, 0x00000000c9950000)
  eden space 243712K,   0% used [0x00000000ae600000, 0x00000000ae600000, 0x00000000bd400000)
  from space 30400K,   0% used [0x00000000bd400000, 0x00000000bd400000, 0x00000000bf1b0000)
  to   space 30400K,   0% used [0x00000000bf1b0000, 0x00000000bf1b0000, 0x00000000c0f60000)
 tenured generation   total 608976K, used 296586K [0x00000000c9950000, 0x00000000eec04000, 0x0000000100000000)
   the space 608976K,  48% used [0x00000000c9950000, 0x00000000dbaf29a8, 0x00000000dbaf2a00, 0x00000000eec04000)
 Metaspace       used 7175K, capacity 7374K, committed 7680K, reserved 1056768K
  class space    used 877K, capacity 955K, committed 1024K, reserved 1048576K
}

